<?xml version="1.0" encoding="UTF-8"?>
<!-- Generated by org.testng.reporters.JUnitReportReporter -->
<testsuite skipped="0" hostname="Macs-MacBook-Air-3.local" name="jsonresponse" tests="1" failures="0" timestamp="30 Nov 2019 02:24:15 GMT" time="2.331" errors="0">
  <testcase name="postvalidation" time="2.331" classname="jsonresponse"/>
</testsuite> <!-- jsonresponse -->
